  ImGuiLayer.cpp
C:\dev\Hazel\Hazel\src\Hazel\Debug\Instrumentor.h(99,1): warning C4267: 'initializing': conversion from 'size_t' to 'uint32_t', possible loss of data
C:\dev\Hazel\Hazel\src\Platform\OpenGL\imgui_impl_opengl3_loader.h(523,1): warning C4005: 'glActiveTexture': macro redefinition
C:\dev\Hazel\Hazel\vendor\Glad\include\glad\glad.h(1728): message : see previous definition of 'glActiveTexture'
C:\dev\Hazel\Hazel\src\Platform\OpenGL\imgui_impl_opengl3_loader.h(524,1): warning C4005: 'glAttachShader': macro redefinition
C:\dev\Hazel\Hazel\vendor\Glad\include\glad\glad.h(1866): message : see previous definition of 'glAttachShader'
C:\dev\Hazel\Hazel\src\Platform\OpenGL\imgui_impl_opengl3_loader.h(525,1): warning C4005: 'glBindBuffer': macro redefinition
C:\dev\Hazel\Hazel\vendor\Glad\include\glad\glad.h(1814): message : see previous definition of 'glBindBuffer'
C:\dev\Hazel\Hazel\src\Platform\OpenGL\imgui_impl_opengl3_loader.h(526,1): warning C4005: 'glBindSampler': macro redefinition
C:\dev\Hazel\Hazel\vendor\Glad\include\glad\glad.h(2528): message : see previous definition of 'glBindSampler'
C:\dev\Hazel\Hazel\src\Platform\OpenGL\imgui_impl_opengl3_loader.h(527,1): warning C4005: 'glBindTexture': macro redefinition
C:\dev\Hazel\Hazel\vendor\Glad\include\glad\glad.h(1696): message : see previous definition of 'glBindTexture'
C:\dev\Hazel\Hazel\src\Platform\OpenGL\imgui_impl_opengl3_loader.h(528,1): warning C4005: 'glBindVertexArray': macro redefinition
C:\dev\Hazel\Hazel\vendor\Glad\include\glad\glad.h(2396): message : see previous definition of 'glBindVertexArray'
C:\dev\Hazel\Hazel\src\Platform\OpenGL\imgui_impl_opengl3_loader.h(529,1): warning C4005: 'glBlendEquation': macro redefinition
C:\dev\Hazel\Hazel\vendor\Glad\include\glad\glad.h(1783): message : see previous definition of 'glBlendEquation'
C:\dev\Hazel\Hazel\src\Platform\OpenGL\imgui_impl_opengl3_loader.h(530,1): warning C4005: 'glBlendEquationSeparate': macro redefinition
C:\dev\Hazel\Hazel\vendor\Glad\include\glad\glad.h(1851): message : see previous definition of 'glBlendEquationSeparate'
C:\dev\Hazel\Hazel\src\Platform\OpenGL\imgui_impl_opengl3_loader.h(531,1): warning C4005: 'glBlendFuncSeparate': macro redefinition
C:\dev\Hazel\Hazel\vendor\Glad\include\glad\glad.h(1759): message : see previous definition of 'glBlendFuncSeparate'
C:\dev\Hazel\Hazel\src\Platform\OpenGL\imgui_impl_opengl3_loader.h(532,1): warning C4005: 'glBufferData': macro redefinition
C:\dev\Hazel\Hazel\vendor\Glad\include\glad\glad.h(1826): message : see previous definition of 'glBufferData'
C:\dev\Hazel\Hazel\src\Platform\OpenGL\imgui_impl_opengl3_loader.h(533,1): warning C4005: 'glBufferSubData': macro redefinition
C:\dev\Hazel\Hazel\vendor\Glad\include\glad\glad.h(1829): message : see previous definition of 'glBufferSubData'
C:\dev\Hazel\Hazel\src\Platform\OpenGL\imgui_impl_opengl3_loader.h(534,1): warning C4005: 'glClear': macro redefinition
C:\dev\Hazel\Hazel\vendor\Glad\include\glad\glad.h(1563): message : see previous definition of 'glClear'
C:\dev\Hazel\Hazel\src\Platform\OpenGL\imgui_impl_opengl3_loader.h(535,1): warning C4005: 'glClearColor': macro redefinition
C:\dev\Hazel\Hazel\vendor\Glad\include\glad\glad.h(1566): message : see previous definition of 'glClearColor'
C:\dev\Hazel\Hazel\src\Platform\OpenGL\imgui_impl_opengl3_loader.h(536,1): warning C4005: 'glCompileShader': macro redefinition
C:\dev\Hazel\Hazel\vendor\Glad\include\glad\glad.h(1872): message : see previous definition of 'glCompileShader'
C:\dev\Hazel\Hazel\src\Platform\OpenGL\imgui_impl_opengl3_loader.h(537,1): warning C4005: 'glCreateProgram': macro redefinition
C:\dev\Hazel\Hazel\vendor\Glad\include\glad\glad.h(1875): message : see previous definition of 'glCreateProgram'
C:\dev\Hazel\Hazel\src\Platform\OpenGL\imgui_impl_opengl3_loader.h(538,1): warning C4005: 'glCreateShader': macro redefinition
C:\dev\Hazel\Hazel\vendor\Glad\include\glad\glad.h(1878): message : see previous definition of 'glCreateShader'
C:\dev\Hazel\Hazel\src\Platform\OpenGL\imgui_impl_opengl3_loader.h(539,1): warning C4005: 'glDeleteBuffers': macro redefinition
C:\dev\Hazel\Hazel\vendor\Glad\include\glad\glad.h(1817): message : see previous definition of 'glDeleteBuffers'
C:\dev\Hazel\Hazel\src\Platform\OpenGL\imgui_impl_opengl3_loader.h(540,1): warning C4005: 'glDeleteProgram': macro redefinition
C:\dev\Hazel\Hazel\vendor\Glad\include\glad\glad.h(1881): message : see previous definition of 'glDeleteProgram'
C:\dev\Hazel\Hazel\src\Platform\OpenGL\imgui_impl_opengl3_loader.h(541,1): warning C4005: 'glDeleteShader': macro redefinition
C:\dev\Hazel\Hazel\vendor\Glad\include\glad\glad.h(1884): message : see previous definition of 'glDeleteShader'
C:\dev\Hazel\Hazel\src\Platform\OpenGL\imgui_impl_opengl3_loader.h(542,1): warning C4005: 'glDeleteTextures': macro redefinition
C:\dev\Hazel\Hazel\vendor\Glad\include\glad\glad.h(1699): message : see previous definition of 'glDeleteTextures'
C:\dev\Hazel\Hazel\src\Platform\OpenGL\imgui_impl_opengl3_loader.h(543,1): warning C4005: 'glDeleteVertexArrays': macro redefinition
C:\dev\Hazel\Hazel\vendor\Glad\include\glad\glad.h(2399): message : see previous definition of 'glDeleteVertexArrays'
C:\dev\Hazel\Hazel\src\Platform\OpenGL\imgui_impl_opengl3_loader.h(544,1): warning C4005: 'glDetachShader': macro redefinition
C:\dev\Hazel\Hazel\vendor\Glad\include\glad\glad.h(1887): message : see previous definition of 'glDetachShader'
C:\dev\Hazel\Hazel\src\Platform\OpenGL\imgui_impl_opengl3_loader.h(545,1): warning C4005: 'glDisable': macro redefinition
C:\dev\Hazel\Hazel\vendor\Glad\include\glad\glad.h(1584): message : see previous definition of 'glDisable'
C:\dev\Hazel\Hazel\src\Platform\OpenGL\imgui_impl_opengl3_loader.h(546,1): warning C4005: 'glDisableVertexAttribArray': macro redefinition
C:\dev\Hazel\Hazel\vendor\Glad\include\glad\glad.h(1890): message : see previous definition of 'glDisableVertexAttribArray'
C:\dev\Hazel\Hazel\src\Platform\OpenGL\imgui_impl_opengl3_loader.h(547,1): warning C4005: 'glDrawElements': macro redefinition
C:\dev\Hazel\Hazel\vendor\Glad\include\glad\glad.h(1672): message : see previous definition of 'glDrawElements'
C:\dev\Hazel\Hazel\src\Platform\OpenGL\imgui_impl_opengl3_loader.h(548,1): warning C4005: 'glDrawElementsBaseVertex': macro redefinition
C:\dev\Hazel\Hazel\vendor\Glad\include\glad\glad.h(2452): message : see previous definition of 'glDrawElementsBaseVertex'
C:\dev\Hazel\Hazel\src\Platform\OpenGL\imgui_impl_opengl3_loader.h(549,1): warning C4005: 'glEnable': macro redefinition
C:\dev\Hazel\Hazel\vendor\Glad\include\glad\glad.h(1587): message : see previous definition of 'glEnable'
C:\dev\Hazel\Hazel\src\Platform\OpenGL\imgui_impl_opengl3_loader.h(550,1): warning C4005: 'glEnableVertexAttribArray': macro redefinition
C:\dev\Hazel\Hazel\vendor\Glad\include\glad\glad.h(1893): message : see previous definition of 'glEnableVertexAttribArray'
C:\dev\Hazel\Hazel\src\Platform\OpenGL\imgui_impl_opengl3_loader.h(551,1): warning C4005: 'glFlush': macro redefinition
C:\dev\Hazel\Hazel\vendor\Glad\include\glad\glad.h(1593): message : see previous definition of 'glFlush'
C:\dev\Hazel\Hazel\src\Platform\OpenGL\imgui_impl_opengl3_loader.h(552,1): warning C4005: 'glGenBuffers': macro redefinition
C:\dev\Hazel\Hazel\vendor\Glad\include\glad\glad.h(1820): message : see previous definition of 'glGenBuffers'
C:\dev\Hazel\Hazel\src\Platform\OpenGL\imgui_impl_opengl3_loader.h(553,1): warning C4005: 'glGenTextures': macro redefinition
C:\dev\Hazel\Hazel\vendor\Glad\include\glad\glad.h(1702): message : see previous definition of 'glGenTextures'
C:\dev\Hazel\Hazel\src\Platform\OpenGL\imgui_impl_opengl3_loader.h(554,1): warning C4005: 'glGenVertexArrays': macro redefinition
C:\dev\Hazel\Hazel\vendor\Glad\include\glad\glad.h(2402): message : see previous definition of 'glGenVertexArrays'
C:\dev\Hazel\Hazel\src\Platform\OpenGL\imgui_impl_opengl3_loader.h(555,1): warning C4005: 'glGetAttribLocation': macro redefinition
C:\dev\Hazel\Hazel\vendor\Glad\include\glad\glad.h(1905): message : see previous definition of 'glGetAttribLocation'
C:\dev\Hazel\Hazel\src\Platform\OpenGL\imgui_impl_opengl3_loader.h(556,1): warning C4005: 'glGetError': macro redefinition
C:\dev\Hazel\Hazel\vendor\Glad\include\glad\glad.h(1629): message : see previous definition of 'glGetError'
C:\dev\Hazel\Hazel\src\Platform\OpenGL\imgui_impl_opengl3_loader.h(557,1): warning C4005: 'glGetIntegerv': macro redefinition
C:\dev\Hazel\Hazel\vendor\Glad\include\glad\glad.h(1635): message : see previous definition of 'glGetIntegerv'
C:\dev\Hazel\Hazel\src\Platform\OpenGL\imgui_impl_opengl3_loader.h(558,1): warning C4005: 'glGetProgramInfoLog': macro redefinition
C:\dev\Hazel\Hazel\vendor\Glad\include\glad\glad.h(1911): message : see previous definition of 'glGetProgramInfoLog'
C:\dev\Hazel\Hazel\src\Platform\OpenGL\imgui_impl_opengl3_loader.h(559,1): warning C4005: 'glGetProgramiv': macro redefinition
C:\dev\Hazel\Hazel\vendor\Glad\include\glad\glad.h(1908): message : see previous definition of 'glGetProgramiv'
C:\dev\Hazel\Hazel\src\Platform\OpenGL\imgui_impl_opengl3_loader.h(560,1): warning C4005: 'glGetShaderInfoLog': macro redefinition
C:\dev\Hazel\Hazel\vendor\Glad\include\glad\glad.h(1917): message : see previous definition of 'glGetShaderInfoLog'
C:\dev\Hazel\Hazel\src\Platform\OpenGL\imgui_impl_opengl3_loader.h(561,1): warning C4005: 'glGetShaderiv': macro redefinition
C:\dev\Hazel\Hazel\vendor\Glad\include\glad\glad.h(1914): message : see previous definition of 'glGetShaderiv'
C:\dev\Hazel\Hazel\src\Platform\OpenGL\imgui_impl_opengl3_loader.h(562,1): warning C4005: 'glGetString': macro redefinition
C:\dev\Hazel\Hazel\vendor\Glad\include\glad\glad.h(1638): message : see previous definition of 'glGetString'
C:\dev\Hazel\Hazel\src\Platform\OpenGL\imgui_impl_opengl3_loader.h(563,1): warning C4005: 'glGetStringi': macro redefinition
C:\dev\Hazel\Hazel\vendor\Glad\include\glad\glad.h(2327): message : see previous definition of 'glGetStringi'
C:\dev\Hazel\Hazel\src\Platform\OpenGL\imgui_impl_opengl3_loader.h(564,1): warning C4005: 'glGetUniformLocation': macro redefinition
C:\dev\Hazel\Hazel\vendor\Glad\include\glad\glad.h(1923): message : see previous definition of 'glGetUniformLocation'
C:\dev\Hazel\Hazel\src\Platform\OpenGL\imgui_impl_opengl3_loader.h(565,1): warning C4005: 'glGetVertexAttribPointerv': macro redefinition
C:\dev\Hazel\Hazel\vendor\Glad\include\glad\glad.h(1941): message : see previous definition of 'glGetVertexAttribPointerv'
C:\dev\Hazel\Hazel\src\Platform\OpenGL\imgui_impl_opengl3_loader.h(566,1): warning C4005: 'glGetVertexAttribiv': macro redefinition
C:\dev\Hazel\Hazel\vendor\Glad\include\glad\glad.h(1938): message : see previous definition of 'glGetVertexAttribiv'
C:\dev\Hazel\Hazel\src\Platform\OpenGL\imgui_impl_opengl3_loader.h(567,1): warning C4005: 'glIsEnabled': macro redefinition
C:\dev\Hazel\Hazel\vendor\Glad\include\glad\glad.h(1656): message : see previous definition of 'glIsEnabled'
C:\dev\Hazel\Hazel\src\Platform\OpenGL\imgui_impl_opengl3_loader.h(568,1): warning C4005: 'glLinkProgram': macro redefinition
C:\dev\Hazel\Hazel\vendor\Glad\include\glad\glad.h(1950): message : see previous definition of 'glLinkProgram'
C:\dev\Hazel\Hazel\src\Platform\OpenGL\imgui_impl_opengl3_loader.h(569,1): warning C4005: 'glPixelStorei': macro redefinition
C:\dev\Hazel\Hazel\vendor\Glad\include\glad\glad.h(1614): message : see previous definition of 'glPixelStorei'
C:\dev\Hazel\Hazel\src\Platform\OpenGL\imgui_impl_opengl3_loader.h(570,1): warning C4005: 'glPolygonMode': macro redefinition
C:\dev\Hazel\Hazel\vendor\Glad\include\glad\glad.h(1536): message : see previous definition of 'glPolygonMode'
C:\dev\Hazel\Hazel\src\Platform\OpenGL\imgui_impl_opengl3_loader.h(571,1): warning C4005: 'glReadPixels': macro redefinition
C:\dev\Hazel\Hazel\vendor\Glad\include\glad\glad.h(1620): message : see previous definition of 'glReadPixels'
C:\dev\Hazel\Hazel\src\Platform\OpenGL\imgui_impl_opengl3_loader.h(572,1): warning C4005: 'glScissor': macro redefinition
C:\dev\Hazel\Hazel\vendor\Glad\include\glad\glad.h(1539): message : see previous definition of 'glScissor'
C:\dev\Hazel\Hazel\src\Platform\OpenGL\imgui_impl_opengl3_loader.h(573,1): warning C4005: 'glShaderSource': macro redefinition
C:\dev\Hazel\Hazel\vendor\Glad\include\glad\glad.h(1953): message : see previous definition of 'glShaderSource'
C:\dev\Hazel\Hazel\src\Platform\OpenGL\imgui_impl_opengl3_loader.h(574,1): warning C4005: 'glTexImage2D': macro redefinition
C:\dev\Hazel\Hazel\vendor\Glad\include\glad\glad.h(1557): message : see previous definition of 'glTexImage2D'
C:\dev\Hazel\Hazel\src\Platform\OpenGL\imgui_impl_opengl3_loader.h(575,1): warning C4005: 'glTexParameteri': macro redefinition
C:\dev\Hazel\Hazel\vendor\Glad\include\glad\glad.h(1548): message : see previous definition of 'glTexParameteri'
C:\dev\Hazel\Hazel\src\Platform\OpenGL\imgui_impl_opengl3_loader.h(576,1): warning C4005: 'glUniform1i': macro redefinition
C:\dev\Hazel\Hazel\vendor\Glad\include\glad\glad.h(1971): message : see previous definition of 'glUniform1i'
C:\dev\Hazel\Hazel\src\Platform\OpenGL\imgui_impl_opengl3_loader.h(577,1): warning C4005: 'glUniformMatrix4fv': macro redefinition
C:\dev\Hazel\Hazel\vendor\Glad\include\glad\glad.h(2013): message : see previous definition of 'glUniformMatrix4fv'
C:\dev\Hazel\Hazel\src\Platform\OpenGL\imgui_impl_opengl3_loader.h(578,1): warning C4005: 'glUseProgram': macro redefinition
C:\dev\Hazel\Hazel\vendor\Glad\include\glad\glad.h(1956): message : see previous definition of 'glUseProgram'
C:\dev\Hazel\Hazel\src\Platform\OpenGL\imgui_impl_opengl3_loader.h(579,1): warning C4005: 'glVertexAttribPointer': macro redefinition
C:\dev\Hazel\Hazel\vendor\Glad\include\glad\glad.h(2127): message : see previous definition of 'glVertexAttribPointer'
C:\dev\Hazel\Hazel\src\Platform\OpenGL\imgui_impl_opengl3_loader.h(580,1): warning C4005: 'glViewport': macro redefinition
C:\dev\Hazel\Hazel\vendor\Glad\include\glad\glad.h(1662): message : see previous definition of 'glViewport'
C:\dev\Hazel\Hazel\src\Hazel\ImGui\ImGuiLayer.cpp(75,80): warning C4244: 'argument': conversion from 'uint32_t' to 'float', possible loss of data
C:\dev\Hazel\Hazel\src\Hazel\ImGui\ImGuiLayer.cpp(75,51): warning C4244: 'argument': conversion from 'uint32_t' to 'float', possible loss of data
  Hazel.vcxproj -> C:\dev\Hazel\bin\Debug-windows-x86_64\Hazel\Hazel.lib
